<?xml version="1.0" encoding="UTF-8"?>
<testng-results ignored="0" total="1" passed="1" failed="0" skipped="0">
  <reporter-output>
  </reporter-output>
  <suite started-at="2022-04-16T12:47:17 IST" name="Suite" finished-at="2022-04-16T12:47:21 IST" duration-ms="3539">
    <groups>
    </groups>
    <test started-at="2022-04-16T12:47:17 IST" name="Test" finished-at="2022-04-16T12:47:21 IST" duration-ms="3539">
      <class name="saucedemotest.NewTest1">
        <test-method is-config="true" signature="Browserlounch()[pri:0, instance:saucedemotest.NewTest1@5c909414]" started-at="2022-04-16T12:47:17 IST" name="Browserlounch" finished-at="2022-04-16T12:47:20 IST" duration-ms="2724" status="PASS">
          <reporter-output>
          </reporter-output>
        </test-method> <!-- Browserlounch -->
        <test-method is-config="true" signature="LoginSouce()[pri:0, instance:saucedemotest.NewTest1@5c909414]" started-at="2022-04-16T12:47:20 IST" name="LoginSouce" finished-at="2022-04-16T12:47:20 IST" duration-ms="248" status="PASS">
          <reporter-output>
          </reporter-output>
        </test-method> <!-- LoginSouce -->
        <test-method signature="valiadtecart()[pri:0, instance:saucedemotest.NewTest1@5c909414]" started-at="2022-04-16T12:47:20 IST" name="valiadtecart" finished-at="2022-04-16T12:47:20 IST" duration-ms="395" status="PASS">
          <reporter-output>
          </reporter-output>
        </test-method> <!-- valiadtecart -->
        <test-method is-config="true" signature="logOut()[pri:0, instance:saucedemotest.NewTest1@5c909414]" started-at="2022-04-16T12:47:20 IST" name="logOut" finished-at="2022-04-16T12:47:21 IST" duration-ms="141" status="PASS">
          <reporter-output>
          </reporter-output>
        </test-method> <!-- logOut -->
      </class> <!-- saucedemotest.NewTest1 -->
    </test> <!-- Test -->
  </suite> <!-- Suite -->
</testng-results>
